  Compiling CUDA source file ..\src\network_kernels.cu...
  
  C:\Users\sr996\Source\Repos\darknet\build>"C:\Program Files\NVIDIA GPU Computing Toolkit\CUDA\v11.2\bin\nvcc.exe" -gencode=arch=compute_86,code=\"compute_86,compute_86\" -gencode=arch=compute_86,code=\"sm_86,compute_86\" --use-local-env -ccbin "C:\Program Files (x86)\Microsoft Visual Studio\2019\Community\VC\Tools\MSVC\14.28.29910\bin\HostX64\x64" -x cu -rdc=true  -IC:\Users\sr996\source\repos\darknet\include -IC:\Users\sr996\source\repos\darknet\src -IC:\Users\sr996\source\repos\darknet\3rdparty\stb\include -IC:\Users\sr996\opencv\build -IC:\Users\sr996\opencv\include -IC:\Users\sr996\opencv_contrib\modules\cudev\include -IC:\Users\sr996\opencv\modules\core\include -IC:\Users\sr996\opencv_contrib\modules\cudaarithm\include -IC:\Users\sr996\opencv\modules\flann\include -IC:\Users\sr996\opencv\modules\imgproc\include -IC:\Users\sr996\opencv_contrib\modules\intensity_transform\include -IC:\Users\sr996\opencv\modules\ml\include -IC:\Users\sr996\opencv_contrib\modules\phase_unwrapping\include -IC:\Users\sr996\opencv_contrib\modules\plot\include -IC:\Users\sr996\opencv_contrib\modules\quality\include -IC:\Users\sr996\opencv_contrib\modules\reg\include -IC:\Users\sr996\opencv_contrib\modules\surface_matching\include -IC:\Users\sr996\opencv_contrib\modules\cudafilters\include -IC:\Users\sr996\opencv_contrib\modules\cudaimgproc\include -IC:\Users\sr996\opencv_contrib\modules\cudawarping\include -IC:\Users\sr996\opencv\modules\dnn\include -IC:\Users\sr996\opencv_contrib\modules\dnn_superres\include -IC:\Users\sr996\opencv\modules\features2d\include -IC:\Users\sr996\opencv_contrib\modules\fuzzy\include -IC:\Users\sr996\opencv_contrib\modules\hfs\include -IC:\Users\sr996\opencv\modules\imgcodecs\include -IC:\Users\sr996\opencv_contrib\modules\line_descriptor\include -IC:\Users\sr996\opencv\modules\photo\include -IC:\Users\sr996\opencv_contrib\modules\saliency\include -IC:\Users\sr996\opencv_contrib\modules\text\include -IC:\Users\sr996\opencv\modules\videoio\include -IC:\Users\sr996\opencv_contrib\modules\xphoto\include -IC:\Users\sr996\opencv\modules\calib3d\include -IC:\Users\sr996\opencv_contrib\modules\cudacodec\include -IC:\Users\sr996\opencv_contrib\modules\cudafeatures2d\include -IC:\Users\sr996\opencv_contrib\modules\cudastereo\include -IC:\Users\sr996\opencv_contrib\modules\datasets\include -IC:\Users\sr996\opencv\modules\highgui\include -IC:\Users\sr996\opencv_contrib\modules\mcc\include -IC:\Users\sr996\opencv\modules\objdetect\include -IC:\Users\sr996\opencv_contrib\modules\rapid\include -IC:\Users\sr996\opencv_contrib\modules\rgbd\include -IC:\Users\sr996\opencv_contrib\modules\shape\include -IC:\Users\sr996\opencv_contrib\modules\structured_light\include -IC:\Users\sr996\opencv\modules\video\include -IC:\Users\sr996\opencv_contrib\modules\xfeatures2d\include -IC:\Users\sr996\opencv_contrib\modules\ximgproc\include -IC:\Users\sr996\opencv_contrib\modules\xobjdetect\include -IC:\Users\sr996\opencv_contrib\modules\aruco\include -IC:\Users\sr996\opencv_contrib\modules\bgsegm\include -IC:\Users\sr996\opencv_contrib\modules\bioinspired\include -IC:\Users\sr996\opencv_contrib\modules\ccalib\include -IC:\Users\sr996\opencv_contrib\modules\cudabgsegm\include -IC:\Users\sr996\opencv_contrib\modules\cudalegacy\include -IC:\Users\sr996\opencv_contrib\modules\cudaobjdetect\include -IC:\Users\sr996\opencv_contrib\modules\dnn_objdetect\include -IC:\Users\sr996\opencv_contrib\modules\dpm\include -IC:\Users\sr996\opencv_contrib\modules\face\include -IC:\Users\sr996\opencv\modules\gapi\include -IC:\Users\sr996\opencv_contrib\modules\optflow\include -IC:\Users\sr996\opencv\modules\stitching\include -IC:\Users\sr996\opencv_contrib\modules\tracking\include -IC:\Users\sr996\opencv_contrib\modules\cudaoptflow\include -IC:\Users\sr996\opencv_contrib\modules\stereo\include -IC:\Users\sr996\opencv_contrib\modules\superres\include -IC:\Users\sr996\opencv_contrib\modules\videostab\include -IC:\Users\sr996\opencv\modules\world\include -IC:\Users\sr996\opencv_contrib\modules\img_hash\include -IC:\Users\sr996\opencv\modules\ts\include -I"C:\Program Files\NVIDIA GPU Computing Toolkit\CUDA\v11.2\include" -IC:\Users\sr996\source\repos\darknet\3rdparty\pthreads\include -I"C:\Program Files\NVIDIA GPU Computing Toolkit\CUDA\v11.2\include"     --keep-dir x64\Release  -maxrregcount=0  --machine 64 --compile -cudart shared -Wno-deprecated-declarations -Xcompiler="/wd4013,/wd4018,/wd4028,/wd4047,/wd4068,/wd4090,/wd4101,/wd4113,/wd4133,/wd4190,/wd4244,/wd4267,/wd4305,/wd4477,/wd4996,/wd4819,/fp:fast,/DGPU,/DCUDNN,/DOPENCV /EHsc -Ob2"   -D_WINDOWS -DNDEBUG -DLIB_EXPORTS=1 -DUSE_CMAKE_LIBS -DTRACK_OPTFLOW=1 -DCUDNN -DCUDNN_HALF -DOPENCV -D_CRT_RAND_S -DNOMINMAX -D_USE_MATH_DEFINES -D_CRT_SECURE_NO_WARNINGS -DGPU -D_TIMESPEC_DEFINED -D"CMAKE_INTDIR=\"Release\"" -Ddark_EXPORTS -DWIN32 -D_WINDOWS -DNDEBUG -DLIB_EXPORTS=1 -DUSE_CMAKE_LIBS -DTRACK_OPTFLOW=1 -DCUDNN -DCUDNN_HALF -DOPENCV -D_CRT_RAND_S -DNOMINMAX -D_USE_MATH_DEFINES -D_CRT_SECURE_NO_WARNINGS -DGPU -D_TIMESPEC_DEFINED -D"CMAKE_INTDIR=\"Release\"" -Ddark_EXPORTS -D_WINDLL -D_MBCS -Xcompiler "/EHsc /W1 /nologo /O2 /Fddark.dir\Release\vc142.pdb /FS   /MD /GR" -o dark.dir\Release\network_kernels.obj "C:\Users\sr996\Source\Repos\darknet\src\network_kernels.cu" 
C:/Users/sr996/Source/Repos/darknet/src/network_kernels.cu(364): warning : variable "l" was declared but never referenced
  
  network_kernels.cu
  
  C:\Users\sr996\Source\Repos\darknet\build>"C:\Program Files\NVIDIA GPU Computing Toolkit\CUDA\v11.2\bin\nvcc.exe" -dlink -o dark.dir\Release\darknet.device-link.obj -Xcompiler "/EHsc /W1 /nologo /O2 /Fddark.dir\Release\vc142.pdb   /MD /GR" -L"C:\Program Files\NVIDIA GPU Computing Toolkit\CUDA\v11.2\bin/crt" -L"C:/Program Files/NVIDIA GPU Computing Toolkit/CUDA/v11.2/lib/x64" -L"C:/Program Files/NVIDIA GPU Computing Toolkit/CUDA/v11.2/lib/x64/Release" -L"C:\Program Files\NVIDIA GPU Computing Toolkit\CUDA\v11.2\lib\x64" "C:\Program Files\NVIDIA GPU Computing Toolkit\CUDA\v11.2\lib\x64\cudnn.lib" C:\Users\sr996\opencv\build\lib\Release\opencv_world451.lib C:\Users\sr996\opencv\build\lib\Release\opencv_img_hash451.lib ..\3rdparty\pthreads\lib\pthreadVC2.lib wsock32.lib ws2_32.lib curand.lib cublas.lib cuda.lib cudadevrt.lib cudart.lib kernel32.lib user32.lib gdi32.lib winspool.lib shell32.lib ole32.lib oleaut32.lib uuid.lib comdlg32.lib advapi32.lib -forward-unknown-to-host-compiler -Wno-deprecated-gpu-targets  -gencode=arch=compute_86,code=compute_86 -gencode=arch=compute_86,code=sm_86  --machine 64 dark.dir\Release\activation_kernels.obj dark.dir\Release\avgpool_layer_kernels.obj dark.dir\Release\blas_kernels.obj dark.dir\Release\col2im_kernels.obj dark.dir\Release\convolutional_kernels.obj dark.dir\Release\crop_layer_kernels.obj dark.dir\Release\deconvolutional_kernels.obj dark.dir\Release\dropout_layer_kernels.obj dark.dir\Release\im2col_kernels.obj dark.dir\Release\maxpool_layer_kernels.obj dark.dir\Release\network_kernels.obj 
  cudnn.lib
  opencv_world451.lib
  opencv_img_hash451.lib
  pthreadVC2.lib
  wsock32.lib
  ws2_32.lib
  curand.lib
  cublas.lib
  cuda.lib
  cudadevrt.lib
  cudart.lib
  kernel32.lib
  user32.lib
  gdi32.lib
  winspool.lib
  shell32.lib
  ole32.lib
  oleaut32.lib
  uuid.lib
  comdlg32.lib
  advapi32.lib
  activation_kernels.obj
  avgpool_layer_kernels.obj
  blas_kernels.obj
  col2im_kernels.obj
  convolutional_kernels.obj
  crop_layer_kernels.obj
  deconvolutional_kernels.obj
  dropout_layer_kernels.obj
  im2col_kernels.obj
  maxpool_layer_kernels.obj
  network_kernels.obj
     Creating library C:/Users/sr996/source/repos/darknet/build/Release/darknet.lib and object C:/Users/sr996/source/repos/darknet/build/Release/darknet.exp
  dark.vcxproj -> C:\Users\sr996\source\repos\darknet\build\Release\darknet.dll
